\BOOKMARK [0][-]{chapter.1}{\376\377\0001\000\040\000M\000i\000c\000r\000o\000c\000l\000i\000m\000a\000t\000e\000\040\000m\000a\000n\000a\000g\000e\000r}{}% 1
\BOOKMARK [0][-]{chapter.2}{\376\377\0002\000\040\000B\000u\000g\000\040\000L\000i\000s\000t}{}% 2
\BOOKMARK [0][-]{chapter.3}{\376\377\0003\000\040\000D\000a\000t\000a\000\040\000S\000t\000r\000u\000c\000t\000u\000r\000e\000\040\000I\000n\000d\000e\000x}{}% 3
\BOOKMARK [1][-]{section.3.1}{\376\377\0003\000.\0001\000\040\000D\000a\000t\000a\000\040\000S\000t\000r\000u\000c\000t\000u\000r\000e\000s}{chapter.3}% 4
\BOOKMARK [0][-]{chapter.4}{\376\377\0004\000\040\000F\000i\000l\000e\000\040\000I\000n\000d\000e\000x}{}% 5
\BOOKMARK [1][-]{section.4.1}{\376\377\0004\000.\0001\000\040\000F\000i\000l\000e\000\040\000L\000i\000s\000t}{chapter.4}% 6
\BOOKMARK [0][-]{chapter.5}{\376\377\0005\000\040\000D\000a\000t\000a\000\040\000S\000t\000r\000u\000c\000t\000u\000r\000e\000\040\000D\000o\000c\000u\000m\000e\000n\000t\000a\000t\000i\000o\000n}{}% 7
\BOOKMARK [1][-]{section.5.1}{\376\377\0005\000.\0001\000\040\000D\000H\000T\000\137\000D\000a\000t\000a\000T\000y\000p\000e\000d\000e\000f\000\040\000S\000t\000r\000u\000c\000t\000\040\000R\000e\000f\000e\000r\000e\000n\000c\000e}{chapter.5}% 8
\BOOKMARK [2][-]{subsection.5.1.1}{\376\377\0005\000.\0001\000.\0001\000\040\000D\000e\000t\000a\000i\000l\000e\000d\000\040\000D\000e\000s\000c\000r\000i\000p\000t\000i\000o\000n}{section.5.1}% 9
\BOOKMARK [2][-]{subsection.5.1.2}{\376\377\0005\000.\0001\000.\0002\000\040\000F\000i\000e\000l\000d\000\040\000D\000o\000c\000u\000m\000e\000n\000t\000a\000t\000i\000o\000n}{section.5.1}% 10
\BOOKMARK [3][-]{subsubsection.5.1.2.1}{\376\377\0005\000.\0001\000.\0002\000.\0001\000\040\000H\000u\000m\000i\000d\000i\000t\000y}{subsection.5.1.2}% 11
\BOOKMARK [3][-]{subsubsection.5.1.2.2}{\376\377\0005\000.\0001\000.\0002\000.\0002\000\040\000T\000e\000m\000p\000e\000r\000a\000t\000u\000r\000e}{subsection.5.1.2}% 12
\BOOKMARK [1][-]{section.5.2}{\376\377\0005\000.\0002\000\040\000L\000D\000R\000\137\000D\000a\000t\000a\000T\000y\000p\000e\000d\000e\000f\000\040\000S\000t\000r\000u\000c\000t\000\040\000R\000e\000f\000e\000r\000e\000n\000c\000e}{chapter.5}% 13
\BOOKMARK [2][-]{subsection.5.2.1}{\376\377\0005\000.\0002\000.\0001\000\040\000D\000e\000t\000a\000i\000l\000e\000d\000\040\000D\000e\000s\000c\000r\000i\000p\000t\000i\000o\000n}{section.5.2}% 14
\BOOKMARK [2][-]{subsection.5.2.2}{\376\377\0005\000.\0002\000.\0002\000\040\000F\000i\000e\000l\000d\000\040\000D\000o\000c\000u\000m\000e\000n\000t\000a\000t\000i\000o\000n}{section.5.2}% 15
\BOOKMARK [3][-]{subsubsection.5.2.2.1}{\376\377\0005\000.\0002\000.\0002\000.\0001\000\040\000L\000D\000R\000\137\000V\000a\000l}{subsection.5.2.2}% 16
\BOOKMARK [1][-]{section.5.3}{\376\377\0005\000.\0003\000\040\000M\000o\000i\000s\000t\000u\000r\000e\000\137\000D\000a\000t\000a\000T\000y\000p\000e\000d\000e\000f\000\040\000S\000t\000r\000u\000c\000t\000\040\000R\000e\000f\000e\000r\000e\000n\000c\000e}{chapter.5}% 17
\BOOKMARK [2][-]{subsection.5.3.1}{\376\377\0005\000.\0003\000.\0001\000\040\000D\000e\000t\000a\000i\000l\000e\000d\000\040\000D\000e\000s\000c\000r\000i\000p\000t\000i\000o\000n}{section.5.3}% 18
\BOOKMARK [2][-]{subsection.5.3.2}{\376\377\0005\000.\0003\000.\0002\000\040\000F\000i\000e\000l\000d\000\040\000D\000o\000c\000u\000m\000e\000n\000t\000a\000t\000i\000o\000n}{section.5.3}% 19
\BOOKMARK [3][-]{subsubsection.5.3.2.1}{\376\377\0005\000.\0003\000.\0002\000.\0001\000\040\000M\000o\000i\000s\000t\000u\000r\000e\000P\000e\000r\000c\000e\000n\000t}{subsection.5.3.2}% 20
\BOOKMARK [1][-]{section.5.4}{\376\377\0005\000.\0004\000\040\000M\000Q\0001\0003\0005\000\137\000D\000a\000t\000a\000T\000y\000p\000e\000d\000e\000f\000\040\000S\000t\000r\000u\000c\000t\000\040\000R\000e\000f\000e\000r\000e\000n\000c\000e}{chapter.5}% 21
\BOOKMARK [2][-]{subsection.5.4.1}{\376\377\0005\000.\0004\000.\0001\000\040\000D\000e\000t\000a\000i\000l\000e\000d\000\040\000D\000e\000s\000c\000r\000i\000p\000t\000i\000o\000n}{section.5.4}% 22
\BOOKMARK [2][-]{subsection.5.4.2}{\376\377\0005\000.\0004\000.\0002\000\040\000F\000i\000e\000l\000d\000\040\000D\000o\000c\000u\000m\000e\000n\000t\000a\000t\000i\000o\000n}{section.5.4}% 23
\BOOKMARK [3][-]{subsubsection.5.4.2.1}{\376\377\0005\000.\0004\000.\0002\000.\0001\000\040\000P\000P\000M}{subsection.5.4.2}% 24
\BOOKMARK [0][-]{chapter.6}{\376\377\0006\000\040\000F\000i\000l\000e\000\040\000D\000o\000c\000u\000m\000e\000n\000t\000a\000t\000i\000o\000n}{}% 25
\BOOKMARK [1][-]{section.6.1}{\376\377\0006\000.\0001\000\040\000C\000:\000/\000t\000e\000m\000p\000/\000h\000u\000m\000i\000d\000t\000e\000m\000p\000/\000D\000H\000T\000.\000c\000\040\000F\000i\000l\000e\000\040\000R\000e\000f\000e\000r\000e\000n\000c\000e}{chapter.6}% 26
\BOOKMARK [2][-]{subsection.6.1.1}{\376\377\0006\000.\0001\000.\0001\000\040\000D\000e\000t\000a\000i\000l\000e\000d\000\040\000D\000e\000s\000c\000r\000i\000p\000t\000i\000o\000n}{section.6.1}% 27
\BOOKMARK [2][-]{subsection.6.1.2}{\376\377\0006\000.\0001\000.\0002\000\040\000F\000u\000n\000c\000t\000i\000o\000n\000\040\000D\000o\000c\000u\000m\000e\000n\000t\000a\000t\000i\000o\000n}{section.6.1}% 28
\BOOKMARK [3][-]{subsubsection.6.1.2.1}{\376\377\0006\000.\0001\000.\0002\000.\0001\000\040\000D\000H\000T\000\137\000C\000h\000e\000c\000k\000\137\000R\000e\000s\000p\000o\000n\000s\000e\000\050\000\051}{subsection.6.1.2}% 29
\BOOKMARK [3][-]{subsubsection.6.1.2.2}{\376\377\0006\000.\0001\000.\0002\000.\0002\000\040\000D\000H\000T\000\137\000G\000e\000t\000D\000a\000t\000a\000\050\000\051}{subsection.6.1.2}% 30
\BOOKMARK [3][-]{subsubsection.6.1.2.3}{\376\377\0006\000.\0001\000.\0002\000.\0003\000\040\000D\000H\000T\000\137\000R\000e\000a\000d\000\050\000\051}{subsection.6.1.2}% 31
\BOOKMARK [3][-]{subsubsection.6.1.2.4}{\376\377\0006\000.\0001\000.\0002\000.\0004\000\040\000D\000H\000T\000\137\000S\000t\000a\000r\000t\000\050\000\051}{subsection.6.1.2}% 32
\BOOKMARK [3][-]{subsubsection.6.1.2.5}{\376\377\0006\000.\0001\000.\0002\000.\0005\000\040\000D\000W\000T\000\137\000D\000e\000l\000a\000y\000\137\000I\000n\000i\000t\000\050\000\051}{subsection.6.1.2}% 33
\BOOKMARK [3][-]{subsubsection.6.1.2.6}{\376\377\0006\000.\0001\000.\0002\000.\0006\000\040\000D\000W\000T\000\137\000D\000e\000l\000a\000y\000\137\000u\000s\000\050\000\051}{subsection.6.1.2}% 34
\BOOKMARK [3][-]{subsubsection.6.1.2.7}{\376\377\0006\000.\0001\000.\0002\000.\0007\000\040\000S\000e\000t\000\137\000P\000i\000n\000\137\000I\000n\000p\000u\000t\000\050\000\051}{subsection.6.1.2}% 35
\BOOKMARK [3][-]{subsubsection.6.1.2.8}{\376\377\0006\000.\0001\000.\0002\000.\0008\000\040\000S\000e\000t\000\137\000P\000i\000n\000\137\000O\000u\000t\000p\000u\000t\000\050\000\051}{subsection.6.1.2}% 36
\BOOKMARK [1][-]{section.6.2}{\376\377\0006\000.\0002\000\040\000C\000:\000/\000t\000e\000m\000p\000/\000h\000u\000m\000i\000d\000t\000e\000m\000p\000/\000D\000H\000T\000.\000h\000\040\000F\000i\000l\000e\000\040\000R\000e\000f\000e\000r\000e\000n\000c\000e}{chapter.6}% 37
\BOOKMARK [2][-]{subsection.6.2.1}{\376\377\0006\000.\0002\000.\0001\000\040\000D\000e\000t\000a\000i\000l\000e\000d\000\040\000D\000e\000s\000c\000r\000i\000p\000t\000i\000o\000n}{section.6.2}% 38
\BOOKMARK [2][-]{subsection.6.2.2}{\376\377\0006\000.\0002\000.\0002\000\040\000F\000u\000n\000c\000t\000i\000o\000n\000\040\000D\000o\000c\000u\000m\000e\000n\000t\000a\000t\000i\000o\000n}{section.6.2}% 39
\BOOKMARK [3][-]{subsubsection.6.2.2.1}{\376\377\0006\000.\0002\000.\0002\000.\0001\000\040\000D\000H\000T\000\137\000G\000e\000t\000D\000a\000t\000a\000\050\000\051}{subsection.6.2.2}% 40
\BOOKMARK [1][-]{section.6.3}{\376\377\0006\000.\0003\000\040\000C\000:\000/\000t\000e\000m\000p\000/\000h\000u\000m\000i\000d\000t\000e\000m\000p\000/\000D\000H\000T\000.\000h}{chapter.6}% 41
\BOOKMARK [1][-]{section.6.4}{\376\377\0006\000.\0004\000\040\000C\000:\000/\000t\000e\000m\000p\000/\000h\000u\000m\000i\000d\000t\000e\000m\000p\000/\000G\000L\000C\000D\000.\000c\000\040\000F\000i\000l\000e\000\040\000R\000e\000f\000e\000r\000e\000n\000c\000e}{chapter.6}% 42
\BOOKMARK [2][-]{subsection.6.4.1}{\376\377\0006\000.\0004\000.\0001\000\040\000D\000e\000t\000a\000i\000l\000e\000d\000\040\000D\000e\000s\000c\000r\000i\000p\000t\000i\000o\000n}{section.6.4}% 43
\BOOKMARK [2][-]{subsection.6.4.2}{\376\377\0006\000.\0004\000.\0002\000\040\000F\000u\000n\000c\000t\000i\000o\000n\000\040\000D\000o\000c\000u\000m\000e\000n\000t\000a\000t\000i\000o\000n}{section.6.4}% 44
\BOOKMARK [3][-]{subsubsection.6.4.2.1}{\376\377\0006\000.\0004\000.\0002\000.\0001\000\040\000c\000h\000e\000c\000k\000A\000n\000d\000D\000i\000s\000p\000l\000a\000y\000S\000t\000a\000t\000u\000s\000\050\000\051}{subsection.6.4.2}% 45
\BOOKMARK [3][-]{subsubsection.6.4.2.2}{\376\377\0006\000.\0004\000.\0002\000.\0002\000\040\000d\000i\000s\000p\000l\000a\000y\000S\000t\000a\000t\000u\000s\000\050\000\051}{subsection.6.4.2}% 46
\BOOKMARK [3][-]{subsubsection.6.4.2.3}{\376\377\0006\000.\0004\000.\0002\000.\0003\000\040\000G\000L\000C\000D\000L\000o\000g\000i\000c\000\050\000\051}{subsection.6.4.2}% 47
\BOOKMARK [2][-]{subsection.6.4.3}{\376\377\0006\000.\0004\000.\0003\000\040\000V\000a\000r\000i\000a\000b\000l\000e\000\040\000D\000o\000c\000u\000m\000e\000n\000t\000a\000t\000i\000o\000n}{section.6.4}% 48
\BOOKMARK [3][-]{subsubsection.6.4.3.1}{\376\377\0006\000.\0004\000.\0003\000.\0001\000\040\000d\000a\000t\000a\000T\000r\000a\000n\000s\000i\000t\000i\000o\000n}{subsection.6.4.3}% 49
\BOOKMARK [3][-]{subsubsection.6.4.3.2}{\376\377\0006\000.\0004\000.\0003\000.\0002\000\040\000d\000r\000a\000w\000B\000a\000r\000s}{subsection.6.4.3}% 50
\BOOKMARK [3][-]{subsubsection.6.4.3.3}{\376\377\0006\000.\0004\000.\0003\000.\0003\000\040\000G\000L\000C\000D\000\137\000F\000o\000n\000t\000\137\0001\0006\000x\0002\0004}{subsection.6.4.3}% 51
\BOOKMARK [3][-]{subsubsection.6.4.3.4}{\376\377\0006\000.\0004\000.\0003\000.\0004\000\040\000G\000L\000C\000D\000\137\000F\000o\000n\000t\000\137\0006\000x\0008}{subsection.6.4.3}% 52
\BOOKMARK [3][-]{subsubsection.6.4.3.5}{\376\377\0006\000.\0004\000.\0003\000.\0005\000\040\000H\000u\000m\000i\000d\000i\000t\000y}{subsection.6.4.3}% 53
\BOOKMARK [3][-]{subsubsection.6.4.3.6}{\376\377\0006\000.\0004\000.\0003\000.\0006\000\040\000i\000n\000i\000t\000i\000a\000l\000P\000a\000g\000e}{subsection.6.4.3}% 54
\BOOKMARK [3][-]{subsubsection.6.4.3.7}{\376\377\0006\000.\0004\000.\0003\000.\0007\000\040\000k}{subsection.6.4.3}% 55
\BOOKMARK [3][-]{subsubsection.6.4.3.8}{\376\377\0006\000.\0004\000.\0003\000.\0008\000\040\000l\000d\000r\000\137\000v\000a\000l}{subsection.6.4.3}% 56
\BOOKMARK [3][-]{subsubsection.6.4.3.9}{\376\377\0006\000.\0004\000.\0003\000.\0009\000\040\000p\000r\000e\000s\000e\000t}{subsection.6.4.3}% 57
\BOOKMARK [3][-]{subsubsection.6.4.3.10}{\376\377\0006\000.\0004\000.\0003\000.\0001\0000\000\040\000r\000e\000a\000d\000y\000T\000r\000a\000n\000s\000i\000t\000i\000o\000n}{subsection.6.4.3}% 58
\BOOKMARK [3][-]{subsubsection.6.4.3.11}{\376\377\0006\000.\0004\000.\0003\000.\0001\0001\000\040\000s\000e\000t\000t\000i\000n\000g\000s\000T\000r\000a\000n\000s\000i\000t\000i\000o\000n}{subsection.6.4.3}% 59
\BOOKMARK [3][-]{subsubsection.6.4.3.12}{\376\377\0006\000.\0004\000.\0003\000.\0001\0002\000\040\000s\000h\000o\000w\000D\000a\000t\000a}{subsection.6.4.3}% 60
\BOOKMARK [3][-]{subsubsection.6.4.3.13}{\376\377\0006\000.\0004\000.\0003\000.\0001\0003\000\040\000s\000h\000o\000w\000D\000a\000t\000a\000P\000a\000g\000e}{subsection.6.4.3}% 61
\BOOKMARK [3][-]{subsubsection.6.4.3.14}{\376\377\0006\000.\0004\000.\0003\000.\0001\0004\000\040\000s\000h\000o\000w\000S\000e\000t\000t\000i\000n\000g\000s\000P\000a\000g\000e}{subsection.6.4.3}% 62
\BOOKMARK [3][-]{subsubsection.6.4.3.15}{\376\377\0006\000.\0004\000.\0003\000.\0001\0005\000\040\000s\000o\000i\000l\000M\000o\000i\000s\000t\000u\000r\000e\000P\000e\000r\000c\000e\000n\000t}{subsection.6.4.3}% 63
\BOOKMARK [3][-]{subsubsection.6.4.3.16}{\376\377\0006\000.\0004\000.\0003\000.\0001\0006\000\040\000T\000e\000m\000p\000e\000r\000a\000t\000u\000r\000e}{subsection.6.4.3}% 64
\BOOKMARK [3][-]{subsubsection.6.4.3.17}{\376\377\0006\000.\0004\000.\0003\000.\0001\0007\000\040\000t\000s\000c\000\137\000s\000t\000a\000t\000e}{subsection.6.4.3}% 65
\BOOKMARK [3][-]{subsubsection.6.4.3.18}{\376\377\0006\000.\0004\000.\0003\000.\0001\0008\000\040\000u\000s\000e\000r\000T\000r\000i\000g\000g\000e\000r}{subsection.6.4.3}% 66
\BOOKMARK [1][-]{section.6.5}{\376\377\0006\000.\0005\000\040\000C\000:\000/\000t\000e\000m\000p\000/\000h\000u\000m\000i\000d\000t\000e\000m\000p\000/\000G\000L\000C\000D\000.\000h\000\040\000F\000i\000l\000e\000\040\000R\000e\000f\000e\000r\000e\000n\000c\000e}{chapter.6}% 67
\BOOKMARK [2][-]{subsection.6.5.1}{\376\377\0006\000.\0005\000.\0001\000\040\000D\000e\000t\000a\000i\000l\000e\000d\000\040\000D\000e\000s\000c\000r\000i\000p\000t\000i\000o\000n}{section.6.5}% 68
\BOOKMARK [2][-]{subsection.6.5.2}{\376\377\0006\000.\0005\000.\0002\000\040\000F\000u\000n\000c\000t\000i\000o\000n\000\040\000D\000o\000c\000u\000m\000e\000n\000t\000a\000t\000i\000o\000n}{section.6.5}% 69
\BOOKMARK [3][-]{subsubsection.6.5.2.1}{\376\377\0006\000.\0005\000.\0002\000.\0001\000\040\000G\000L\000C\000D\000L\000o\000g\000i\000c\000\050\000\051}{subsection.6.5.2}% 70
\BOOKMARK [1][-]{section.6.6}{\376\377\0006\000.\0006\000\040\000C\000:\000/\000t\000e\000m\000p\000/\000h\000u\000m\000i\000d\000t\000e\000m\000p\000/\000G\000L\000C\000D\000.\000h}{chapter.6}% 71
\BOOKMARK [1][-]{section.6.7}{\376\377\0006\000.\0007\000\040\000C\000:\000/\000t\000e\000m\000p\000/\000h\000u\000m\000i\000d\000t\000e\000m\000p\000/\000L\000D\000R\000.\000c\000\040\000F\000i\000l\000e\000\040\000R\000e\000f\000e\000r\000e\000n\000c\000e}{chapter.6}% 72
\BOOKMARK [2][-]{subsection.6.7.1}{\376\377\0006\000.\0007\000.\0001\000\040\000D\000e\000t\000a\000i\000l\000e\000d\000\040\000D\000e\000s\000c\000r\000i\000p\000t\000i\000o\000n}{section.6.7}% 73
\BOOKMARK [2][-]{subsection.6.7.2}{\376\377\0006\000.\0007\000.\0002\000\040\000F\000u\000n\000c\000t\000i\000o\000n\000\040\000D\000o\000c\000u\000m\000e\000n\000t\000a\000t\000i\000o\000n}{section.6.7}% 74
\BOOKMARK [3][-]{subsubsection.6.7.2.1}{\376\377\0006\000.\0007\000.\0002\000.\0001\000\040\000L\000D\000R\000\137\000G\000e\000t\000D\000a\000t\000a\000\050\000\051}{subsection.6.7.2}% 75
\BOOKMARK [3][-]{subsubsection.6.7.2.2}{\376\377\0006\000.\0007\000.\0002\000.\0002\000\040\000r\000e\000a\000d\000L\000D\000R\000\050\000\051}{subsection.6.7.2}% 76
\BOOKMARK [1][-]{section.6.8}{\376\377\0006\000.\0008\000\040\000C\000:\000/\000t\000e\000m\000p\000/\000h\000u\000m\000i\000d\000t\000e\000m\000p\000/\000L\000D\000R\000.\000h\000\040\000F\000i\000l\000e\000\040\000R\000e\000f\000e\000r\000e\000n\000c\000e}{chapter.6}% 77
\BOOKMARK [2][-]{subsection.6.8.1}{\376\377\0006\000.\0008\000.\0001\000\040\000D\000e\000t\000a\000i\000l\000e\000d\000\040\000D\000e\000s\000c\000r\000i\000p\000t\000i\000o\000n}{section.6.8}% 78
\BOOKMARK [2][-]{subsection.6.8.2}{\376\377\0006\000.\0008\000.\0002\000\040\000F\000u\000n\000c\000t\000i\000o\000n\000\040\000D\000o\000c\000u\000m\000e\000n\000t\000a\000t\000i\000o\000n}{section.6.8}% 79
\BOOKMARK [3][-]{subsubsection.6.8.2.1}{\376\377\0006\000.\0008\000.\0002\000.\0001\000\040\000L\000D\000R\000\137\000G\000e\000t\000D\000a\000t\000a\000\050\000\051}{subsection.6.8.2}% 80
\BOOKMARK [1][-]{section.6.9}{\376\377\0006\000.\0009\000\040\000C\000:\000/\000t\000e\000m\000p\000/\000h\000u\000m\000i\000d\000t\000e\000m\000p\000/\000L\000D\000R\000.\000h}{chapter.6}% 81
\BOOKMARK [1][-]{section.6.10}{\376\377\0006\000.\0001\0000\000\040\000C\000:\000/\000t\000e\000m\000p\000/\000h\000u\000m\000i\000d\000t\000e\000m\000p\000/\000m\000a\000i\000n\000.\000c\000\040\000F\000i\000l\000e\000\040\000R\000e\000f\000e\000r\000e\000n\000c\000e}{chapter.6}% 82
\BOOKMARK [2][-]{subsection.6.10.1}{\376\377\0006\000.\0001\0000\000.\0001\000\040\000D\000e\000t\000a\000i\000l\000e\000d\000\040\000D\000e\000s\000c\000r\000i\000p\000t\000i\000o\000n}{section.6.10}% 83
\BOOKMARK [2][-]{subsection.6.10.2}{\376\377\0006\000.\0001\0000\000.\0002\000\040\000F\000u\000n\000c\000t\000i\000o\000n\000\040\000D\000o\000c\000u\000m\000e\000n\000t\000a\000t\000i\000o\000n}{section.6.10}% 84
\BOOKMARK [3][-]{subsubsection.6.10.2.1}{\376\377\0006\000.\0001\0000\000.\0002\000.\0001\000\040\000H\000A\000L\000\137\000G\000P\000I\000O\000\137\000E\000X\000T\000I\000\137\000C\000a\000l\000l\000b\000a\000c\000k\000\050\000\051}{subsection.6.10.2}% 85
\BOOKMARK [2][-]{subsection.6.10.3}{\376\377\0006\000.\0001\0000\000.\0003\000\040\000V\000a\000r\000i\000a\000b\000l\000e\000\040\000D\000o\000c\000u\000m\000e\000n\000t\000a\000t\000i\000o\000n}{section.6.10}% 86
\BOOKMARK [3][-]{subsubsection.6.10.3.1}{\376\377\0006\000.\0001\0000\000.\0003\000.\0001\000\040\000b\000u\000f\000f\000e\000r}{subsection.6.10.3}% 87
\BOOKMARK [3][-]{subsubsection.6.10.3.2}{\376\377\0006\000.\0001\0000\000.\0003\000.\0002\000\040\000G\000L\000C\000D\000\137\000F\000o\000n\000t\000\137\0001\0006\000x\0002\0004}{subsection.6.10.3}% 88
\BOOKMARK [3][-]{subsubsection.6.10.3.3}{\376\377\0006\000.\0001\0000\000.\0003\000.\0003\000\040\000G\000P\000I\000O\000\137\000I\000n\000i\000t\000S\000t\000r\000u\000c\000t}{subsection.6.10.3}% 89
\BOOKMARK [3][-]{subsubsection.6.10.3.4}{\376\377\0006\000.\0001\0000\000.\0003\000.\0004\000\040\000h\000a\000d\000c\0001}{subsection.6.10.3}% 90
\BOOKMARK [3][-]{subsubsection.6.10.3.5}{\376\377\0006\000.\0001\0000\000.\0003\000.\0005\000\040\000h\000a\000d\000c\0002}{subsection.6.10.3}% 91
\BOOKMARK [3][-]{subsubsection.6.10.3.6}{\376\377\0006\000.\0001\0000\000.\0003\000.\0006\000\040\000h\000a\000d\000c\0003}{subsection.6.10.3}% 92
\BOOKMARK [3][-]{subsubsection.6.10.3.7}{\376\377\0006\000.\0001\0000\000.\0003\000.\0007\000\040\000u\000s\000e\000r\000T\000r\000i\000g\000g\000e\000r}{subsection.6.10.3}% 93
\BOOKMARK [1][-]{section.6.11}{\376\377\0006\000.\0001\0001\000\040\000C\000:\000/\000t\000e\000m\000p\000/\000h\000u\000m\000i\000d\000t\000e\000m\000p\000/\000m\000a\000i\000n\000.\000h\000\040\000F\000i\000l\000e\000\040\000R\000e\000f\000e\000r\000e\000n\000c\000e}{chapter.6}% 94
\BOOKMARK [2][-]{subsection.6.11.1}{\376\377\0006\000.\0001\0001\000.\0001\000\040\000D\000e\000t\000a\000i\000l\000e\000d\000\040\000D\000e\000s\000c\000r\000i\000p\000t\000i\000o\000n}{section.6.11}% 95
\BOOKMARK [2][-]{subsection.6.11.2}{\376\377\0006\000.\0001\0001\000.\0002\000\040\000V\000a\000r\000i\000a\000b\000l\000e\000\040\000D\000o\000c\000u\000m\000e\000n\000t\000a\000t\000i\000o\000n}{section.6.11}% 96
\BOOKMARK [3][-]{subsubsection.6.11.2.1}{\376\377\0006\000.\0001\0001\000.\0002\000.\0001\000\040\000b\000u\000f\000f\000e\000r}{subsection.6.11.2}% 97
\BOOKMARK [3][-]{subsubsection.6.11.2.2}{\376\377\0006\000.\0001\0001\000.\0002\000.\0002\000\040\000h\000a\000d\000c\0001}{subsection.6.11.2}% 98
\BOOKMARK [3][-]{subsubsection.6.11.2.3}{\376\377\0006\000.\0001\0001\000.\0002\000.\0003\000\040\000h\000a\000d\000c\0002}{subsection.6.11.2}% 99
\BOOKMARK [3][-]{subsubsection.6.11.2.4}{\376\377\0006\000.\0001\0001\000.\0002\000.\0004\000\040\000h\000a\000d\000c\0003}{subsection.6.11.2}% 100
\BOOKMARK [3][-]{subsubsection.6.11.2.5}{\376\377\0006\000.\0001\0001\000.\0002\000.\0005\000\040\000u\000s\000e\000r\000T\000r\000i\000g\000g\000e\000r}{subsection.6.11.2}% 101
\BOOKMARK [1][-]{section.6.12}{\376\377\0006\000.\0001\0002\000\040\000C\000:\000/\000t\000e\000m\000p\000/\000h\000u\000m\000i\000d\000t\000e\000m\000p\000/\000m\000a\000i\000n\000.\000h}{chapter.6}% 102
\BOOKMARK [1][-]{section.6.13}{\376\377\0006\000.\0001\0003\000\040\000C\000:\000/\000t\000e\000m\000p\000/\000h\000u\000m\000i\000d\000t\000e\000m\000p\000/\000M\000o\000i\000s\000t\000u\000r\000e\000.\000c\000\040\000F\000i\000l\000e\000\040\000R\000e\000f\000e\000r\000e\000n\000c\000e}{chapter.6}% 103
\BOOKMARK [2][-]{subsection.6.13.1}{\376\377\0006\000.\0001\0003\000.\0001\000\040\000D\000e\000t\000a\000i\000l\000e\000d\000\040\000D\000e\000s\000c\000r\000i\000p\000t\000i\000o\000n}{section.6.13}% 104
\BOOKMARK [2][-]{subsection.6.13.2}{\376\377\0006\000.\0001\0003\000.\0002\000\040\000F\000u\000n\000c\000t\000i\000o\000n\000\040\000D\000o\000c\000u\000m\000e\000n\000t\000a\000t\000i\000o\000n}{section.6.13}% 105
\BOOKMARK [3][-]{subsubsection.6.13.2.1}{\376\377\0006\000.\0001\0003\000.\0002\000.\0001\000\040\000m\000a\000p\000\050\000\051}{subsection.6.13.2}% 106
\BOOKMARK [3][-]{subsubsection.6.13.2.2}{\376\377\0006\000.\0001\0003\000.\0002\000.\0002\000\040\000M\000o\000i\000s\000t\000u\000r\000e\000\137\000G\000e\000t\000D\000a\000t\000a\000\050\000\051}{subsection.6.13.2}% 107
\BOOKMARK [3][-]{subsubsection.6.13.2.3}{\376\377\0006\000.\0001\0003\000.\0002\000.\0003\000\040\000r\000e\000a\000d\000M\000o\000i\000s\000t\000u\000r\000e\000\050\000\051}{subsection.6.13.2}% 108
\BOOKMARK [3][-]{subsubsection.6.13.2.4}{\376\377\0006\000.\0001\0003\000.\0002\000.\0004\000\040\000r\000e\000a\000d\000M\000o\000i\000s\000t\000u\000r\000e\000P\000e\000r\000c\000e\000n\000t\000\050\000\051}{subsection.6.13.2}% 109
\BOOKMARK [1][-]{section.6.14}{\376\377\0006\000.\0001\0004\000\040\000C\000:\000/\000t\000e\000m\000p\000/\000h\000u\000m\000i\000d\000t\000e\000m\000p\000/\000M\000o\000i\000s\000t\000u\000r\000e\000.\000h\000\040\000F\000i\000l\000e\000\040\000R\000e\000f\000e\000r\000e\000n\000c\000e}{chapter.6}% 110
\BOOKMARK [2][-]{subsection.6.14.1}{\376\377\0006\000.\0001\0004\000.\0001\000\040\000D\000e\000t\000a\000i\000l\000e\000d\000\040\000D\000e\000s\000c\000r\000i\000p\000t\000i\000o\000n}{section.6.14}% 111
\BOOKMARK [2][-]{subsection.6.14.2}{\376\377\0006\000.\0001\0004\000.\0002\000\040\000F\000u\000n\000c\000t\000i\000o\000n\000\040\000D\000o\000c\000u\000m\000e\000n\000t\000a\000t\000i\000o\000n}{section.6.14}% 112
\BOOKMARK [3][-]{subsubsection.6.14.2.1}{\376\377\0006\000.\0001\0004\000.\0002\000.\0001\000\040\000M\000o\000i\000s\000t\000u\000r\000e\000\137\000G\000e\000t\000D\000a\000t\000a\000\050\000\051}{subsection.6.14.2}% 113
\BOOKMARK [1][-]{section.6.15}{\376\377\0006\000.\0001\0005\000\040\000C\000:\000/\000t\000e\000m\000p\000/\000h\000u\000m\000i\000d\000t\000e\000m\000p\000/\000M\000o\000i\000s\000t\000u\000r\000e\000.\000h}{chapter.6}% 114
\BOOKMARK [1][-]{section.6.16}{\376\377\0006\000.\0001\0006\000\040\000C\000:\000/\000t\000e\000m\000p\000/\000h\000u\000m\000i\000d\000t\000e\000m\000p\000/\000m\000q\0001\0003\0005\000.\000c\000\040\000F\000i\000l\000e\000\040\000R\000e\000f\000e\000r\000e\000n\000c\000e}{chapter.6}% 115
\BOOKMARK [2][-]{subsection.6.16.1}{\376\377\0006\000.\0001\0006\000.\0001\000\040\000D\000e\000t\000a\000i\000l\000e\000d\000\040\000D\000e\000s\000c\000r\000i\000p\000t\000i\000o\000n}{section.6.16}% 116
\BOOKMARK [2][-]{subsection.6.16.2}{\376\377\0006\000.\0001\0006\000.\0002\000\040\000F\000u\000n\000c\000t\000i\000o\000n\000\040\000D\000o\000c\000u\000m\000e\000n\000t\000a\000t\000i\000o\000n}{section.6.16}% 117
\BOOKMARK [3][-]{subsubsection.6.16.2.1}{\376\377\0006\000.\0001\0006\000.\0002\000.\0001\000\040\000g\000e\000t\000M\000Q\0001\0003\0005\000P\000P\000M\000\050\000\051}{subsection.6.16.2}% 118
\BOOKMARK [3][-]{subsubsection.6.16.2.2}{\376\377\0006\000.\0001\0006\000.\0002\000.\0002\000\040\000g\000e\000t\000M\000Q\0001\0003\0005\000R\000e\000s\000i\000s\000t\000a\000n\000c\000e\000\050\000\051}{subsection.6.16.2}% 119
\BOOKMARK [3][-]{subsubsection.6.16.2.3}{\376\377\0006\000.\0001\0006\000.\0002\000.\0003\000\040\000M\000Q\000\137\000G\000e\000t\000D\000a\000t\000a\000\050\000\051}{subsection.6.16.2}% 120
\BOOKMARK [3][-]{subsubsection.6.16.2.4}{\376\377\0006\000.\0001\0006\000.\0002\000.\0004\000\040\000m\000y\000\137\000p\000o\000w\000\050\000\051}{subsection.6.16.2}% 121
\BOOKMARK [3][-]{subsubsection.6.16.2.5}{\376\377\0006\000.\0001\0006\000.\0002\000.\0005\000\040\000r\000e\000a\000d\000M\000Q\0001\0003\0005\000\050\000\051}{subsection.6.16.2}% 122
\BOOKMARK [1][-]{section.6.17}{\376\377\0006\000.\0001\0007\000\040\000C\000:\000/\000t\000e\000m\000p\000/\000h\000u\000m\000i\000d\000t\000e\000m\000p\000/\000m\000q\0001\0003\0005\000.\000h\000\040\000F\000i\000l\000e\000\040\000R\000e\000f\000e\000r\000e\000n\000c\000e}{chapter.6}% 123
\BOOKMARK [2][-]{subsection.6.17.1}{\376\377\0006\000.\0001\0007\000.\0001\000\040\000D\000e\000t\000a\000i\000l\000e\000d\000\040\000D\000e\000s\000c\000r\000i\000p\000t\000i\000o\000n}{section.6.17}% 124
\BOOKMARK [2][-]{subsection.6.17.2}{\376\377\0006\000.\0001\0007\000.\0002\000\040\000F\000u\000n\000c\000t\000i\000o\000n\000\040\000D\000o\000c\000u\000m\000e\000n\000t\000a\000t\000i\000o\000n}{section.6.17}% 125
\BOOKMARK [3][-]{subsubsection.6.17.2.1}{\376\377\0006\000.\0001\0007\000.\0002\000.\0001\000\040\000M\000Q\000\137\000G\000e\000t\000D\000a\000t\000a\000\050\000\051}{subsection.6.17.2}% 126
\BOOKMARK [1][-]{section.6.18}{\376\377\0006\000.\0001\0008\000\040\000C\000:\000/\000t\000e\000m\000p\000/\000h\000u\000m\000i\000d\000t\000e\000m\000p\000/\000m\000q\0001\0003\0005\000.\000h}{chapter.6}% 127
\BOOKMARK [0][-]{section*.27}{\376\377\000I\000n\000d\000e\000x}{}% 128
